<?xml version="1.0" encoding="UTF-8"?>
<testsuite xmlns:xsi="http://www.w3.org/2001/XMLSchema-instance" xsi:noNamespaceSchemaLocation="https://maven.apache.org/surefire/maven-surefire-plugin/xsd/surefire-test-report-3.0.xsd" version="3.0" name="TestSuite" time="21.902" tests="3" errors="0" skipped="0" failures="3">
  <properties>
[...]
</properties>
  <testcase name="shouldShowThePageTitle" classname="tests.HomepageTests" time="7.638">
    <failure message="Title does not match expected value expected [true] but found [false]" type="java.lang.AssertionError"><![CDATA[java.lang.AssertionError: Title does not match expected value expected [true] but found [false]
	at org.testng.Assert.fail(Assert.java:111)
	at org.testng.Assert.failNotEquals(Assert.java:1578)
	at org.testng.Assert.assertTrue(Assert.java:57)
	at tests.HomepageTests.shouldShowThePageTitle(HomepageTests.java:30)
	at java.base/jdk.internal.reflect.DirectMethodHandleAccessor.invoke(DirectMethodHandleAccessor.java:103)
	at java.base/java.lang.reflect.Method.invoke(Method.java:580)
	at org.testng.internal.invokers.MethodInvocationHelper.invokeMethod(MethodInvocationHelper.java:139)
	at org.testng.internal.invokers.TestInvoker.invokeMethod(TestInvoker.java:664)
	at org.testng.internal.invokers.TestInvoker.invokeTestMethod(TestInvoker.java:227)
	at org.testng.internal.invokers.MethodRunner.runInSequence(MethodRunner.java:50)
	at org.testng.internal.invokers.TestInvoker$MethodInvocationAgent.invoke(TestInvoker.java:957)
	at org.testng.internal.invokers.TestInvoker.invokeTestMethods(TestInvoker.java:200)
	at org.testng.internal.invokers.TestMethodWorker.invokeTestMethods(TestMethodWorker.java:148)
	at org.testng.internal.invokers.TestMethodWorker.run(TestMethodWorker.java:128)
	at java.base/java.util.ArrayList.forEach(ArrayList.java:1596)
	at org.testng.TestRunner.privateRun(TestRunner.java:848)
	at org.testng.TestRunner.run(TestRunner.java:621)
	at org.testng.SuiteRunner.runTest(SuiteRunner.java:443)
	at org.testng.SuiteRunner$SuiteWorker.run(SuiteRunner.java:481)
	at org.testng.internal.thread.ThreadUtil.lambda$execute$0(ThreadUtil.java:58)
	at java.base/java.util.concurrent.FutureTask.run(FutureTask.java:317)
	at java.base/java.util.concurrent.ThreadPoolExecutor.runWorker(ThreadPoolExecutor.java:1144)
	at java.base/java.util.concurrent.ThreadPoolExecutor$Worker.run(ThreadPoolExecutor.java:642)
	at java.base/java.lang.Thread.run(Thread.java:1583)
]]></failure>
    <system-out><![CDATA[🚀 Initializing Playwright for browser: webkit
🚀 Initializing Playwright for browser: chromium
🚀 Initializing Playwright for browser: firefox
✅ Playwright setup complete.
✅ Playwright setup complete.
✅ Playwright setup complete.
🔎 Page Title: Practice Software Testing - Toolshop - v5.0
🔎 Page Title: Practice Software Testing - Toolshop - v5.0
]]></system-out>
    <system-err><![CDATA[SLF4J: Failed to load class "org.slf4j.impl.StaticLoggerBinder".
SLF4J: Defaulting to no-operation (NOP) logger implementation
SLF4J: See http://www.slf4j.org/codes.html#StaticLoggerBinder for further details.
]]></system-err>
  </testcase>
  <testcase name="shouldShowThePageTitle" classname="tests.HomepageTests" time="7.986">
    <failure message="Title does not match expected value expected [true] but found [false]" type="java.lang.AssertionError"><![CDATA[java.lang.AssertionError: Title does not match expected value expected [true] but found [false]
	at org.testng.Assert.fail(Assert.java:111)
	at org.testng.Assert.failNotEquals(Assert.java:1578)
	at org.testng.Assert.assertTrue(Assert.java:57)
	at tests.HomepageTests.shouldShowThePageTitle(HomepageTests.java:30)
	at java.base/jdk.internal.reflect.DirectMethodHandleAccessor.invoke(DirectMethodHandleAccessor.java:103)
	at java.base/java.lang.reflect.Method.invoke(Method.java:580)
	at org.testng.internal.invokers.MethodInvocationHelper.invokeMethod(MethodInvocationHelper.java:139)
	at org.testng.internal.invokers.TestInvoker.invokeMethod(TestInvoker.java:664)
	at org.testng.internal.invokers.TestInvoker.invokeTestMethod(TestInvoker.java:227)
	at org.testng.internal.invokers.MethodRunner.runInSequence(MethodRunner.java:50)
	at org.testng.internal.invokers.TestInvoker$MethodInvocationAgent.invoke(TestInvoker.java:957)
	at org.testng.internal.invokers.TestInvoker.invokeTestMethods(TestInvoker.java:200)
	at org.testng.internal.invokers.TestMethodWorker.invokeTestMethods(TestMethodWorker.java:148)
	at org.testng.internal.invokers.TestMethodWorker.run(TestMethodWorker.java:128)
	at java.base/java.util.ArrayList.forEach(ArrayList.java:1596)
	at org.testng.TestRunner.privateRun(TestRunner.java:848)
	at org.testng.TestRunner.run(TestRunner.java:621)
	at org.testng.SuiteRunner.runTest(SuiteRunner.java:443)
	at org.testng.SuiteRunner$SuiteWorker.run(SuiteRunner.java:481)
	at org.testng.internal.thread.ThreadUtil.lambda$execute$0(ThreadUtil.java:58)
	at java.base/java.util.concurrent.FutureTask.run(FutureTask.java:317)
	at java.base/java.util.concurrent.ThreadPoolExecutor.runWorker(ThreadPoolExecutor.java:1144)
	at java.base/java.util.concurrent.ThreadPoolExecutor$Worker.run(ThreadPoolExecutor.java:642)
	at java.base/java.lang.Thread.run(Thread.java:1583)
]]></failure>
    <system-out><![CDATA[🛑 Stopping tracing for failure; saving trace to: target/allure-results/shouldShowThePageTitle-trace.zip
🔎 Page Title: Practice Software Testing - Toolshop - v5.0
]]></system-out>
  </testcase>
  <testcase name="shouldShowThePageTitle" classname="tests.HomepageTests" time="12.769">
    <failure message="Title does not match expected value expected [true] but found [false]" type="java.lang.AssertionError"><![CDATA[java.lang.AssertionError: Title does not match expected value expected [true] but found [false]
	at org.testng.Assert.fail(Assert.java:111)
	at org.testng.Assert.failNotEquals(Assert.java:1578)
	at org.testng.Assert.assertTrue(Assert.java:57)
	at tests.HomepageTests.shouldShowThePageTitle(HomepageTests.java:30)
	at java.base/jdk.internal.reflect.DirectMethodHandleAccessor.invoke(DirectMethodHandleAccessor.java:103)
	at java.base/java.lang.reflect.Method.invoke(Method.java:580)
	at org.testng.internal.invokers.MethodInvocationHelper.invokeMethod(MethodInvocationHelper.java:139)
	at org.testng.internal.invokers.TestInvoker.invokeMethod(TestInvoker.java:664)
	at org.testng.internal.invokers.TestInvoker.invokeTestMethod(TestInvoker.java:227)
	at org.testng.internal.invokers.MethodRunner.runInSequence(MethodRunner.java:50)
	at org.testng.internal.invokers.TestInvoker$MethodInvocationAgent.invoke(TestInvoker.java:957)
	at org.testng.internal.invokers.TestInvoker.invokeTestMethods(TestInvoker.java:200)
	at org.testng.internal.invokers.TestMethodWorker.invokeTestMethods(TestMethodWorker.java:148)
	at org.testng.internal.invokers.TestMethodWorker.run(TestMethodWorker.java:128)
	at java.base/java.util.ArrayList.forEach(ArrayList.java:1596)
	at org.testng.TestRunner.privateRun(TestRunner.java:848)
	at org.testng.TestRunner.run(TestRunner.java:621)
	at org.testng.SuiteRunner.runTest(SuiteRunner.java:443)
	at org.testng.SuiteRunner$SuiteWorker.run(SuiteRunner.java:481)
	at org.testng.internal.thread.ThreadUtil.lambda$execute$0(ThreadUtil.java:58)
	at java.base/java.util.concurrent.FutureTask.run(FutureTask.java:317)
	at java.base/java.util.concurrent.ThreadPoolExecutor.runWorker(ThreadPoolExecutor.java:1144)
	at java.base/java.util.concurrent.ThreadPoolExecutor$Worker.run(ThreadPoolExecutor.java:642)
	at java.base/java.lang.Thread.run(Thread.java:1583)
]]></failure>
    <system-out><![CDATA[🛑 Stopping tracing for failure; saving trace to: target/allure-results/shouldShowThePageTitle-trace.zip
✅ Trace attached to Allure.
✅ Video file selected: target/playwright-videos/798566ac-8d13-4056-b16d-113d9b281070.webm
✅ Video copied to: C:\Users\15713\eclipse-workspace\playwright-in-java-sample-code\target\allure-results\798566ac-8d13-4056-b16d-113d9b281070.webm
✅ Video attached to Allure.
🛑 Tearing down Playwright...
Error during teardown: Error {
  message='Must start tracing before stopping
  name='Error
  stack='Error: Must start tracing before stopping
    at Tracing.stopChunk (C:\Users\GABRIE~1\AppData\Local\Temp\playwright-java-5608919796511516049\package\lib\server\trace\recorder\tracing.js:266:44)
    at TracingDispatcher.tracingStopChunk (C:\Users\GABRIE~1\AppData\Local\Temp\playwright-java-5608919796511516049\package\lib\server\dispatchers\tracingDispatcher.js:54:28)
    at TracingDispatcher._handleCommand (C:\Users\GABRIE~1\AppData\Local\Temp\playwright-java-5608919796511516049\package\lib\server\dispatchers\dispatcher.js:94:40)
    at DispatcherConnection.dispatch (C:\Users\GABRIE~1\AppData\Local\Temp\playwright-java-5608919796511516049\package\lib\server\dispatchers\dispatcher.js:361:39)
}
✅ Trace attached to Allure.
✅ Video file selected: target/playwright-videos/798566ac-8d13-4056-b16d-113d9b281070.webm
✅ Video copied to: C:\Users\15713\eclipse-workspace\playwright-in-java-sample-code\target\allure-results\798566ac-8d13-4056-b16d-113d9b281070.webm
✅ Video attached to Allure.
🛑 Tearing down Playwright...
Error during teardown: Error {
  message='Must start tracing before stopping
  name='Error
  stack='Error: Must start tracing before stopping
    at Tracing.stopChunk (C:\Users\GABRIE~1\AppData\Local\Temp\playwright-java-5608919796511516049\package\lib\server\trace\recorder\tracing.js:266:44)
    at TracingDispatcher.tracingStopChunk (C:\Users\GABRIE~1\AppData\Local\Temp\playwright-java-5608919796511516049\package\lib\server\dispatchers\tracingDispatcher.js:54:28)
    at TracingDispatcher._handleCommand (C:\Users\GABRIE~1\AppData\Local\Temp\playwright-java-5608919796511516049\package\lib\server\dispatchers\dispatcher.js:94:40)
    at DispatcherConnection.dispatch (C:\Users\GABRIE~1\AppData\Local\Temp\playwright-java-5608919796511516049\package\lib\server\dispatchers\dispatcher.js:361:39)
}
]]></system-out>
  </testcase>
</testsuite>